#
# There is insufficient memory for the Java Runtime Environment to continue.
# Native memory allocation (malloc) failed to allocate 1048576 bytes for E in C:\jdk7u2_64p\jdk7u15\hotspot\src\share\vm\utilities/taskqueue.hpp
# Possible reasons:
#   The system is out of physical RAM or swap space
#   In 32 bit mode, the process size limit was hit
# Possible solutions:
#   Reduce memory load on the system
#   Increase physical memory or swap space
#   Check if swap backing store is full
#   Use 64 bit Java on a 64 bit OS
#   Decrease Java heap size (-Xmx/-Xms)
#   Decrease number of Java threads
#   Decrease Java thread stack sizes (-Xss)
#   Set larger code cache with -XX:ReservedCodeCacheSize=
# This output file may be truncated or incomplete.
#
#  Out of Memory Error (memory/allocation.inline.hpp:58), pid=4996, tid=9720
#
# JRE version: 7.0_15-b03
# Java VM: Java HotSpot(TM) 64-Bit Server VM (23.7-b01 mixed mode windows-amd64 compressed oops)
# Failed to write core dump. Minidumps are not enabled by default on client versions of Windows
#

---------------  T H R E A D  ---------------

Current thread (0x000000000289e000):  JavaThread "Unknown thread" [_thread_in_vm, id=9720, stack(0x0000000002780000,0x0000000002880000)]

Stack: [0x0000000002780000,0x0000000002880000]

---------------  P R O C E S S  ---------------

Java Threads: ( => current thread )

Other Threads:

=>0x000000000289e000 (exited) JavaThread "Unknown thread" [_thread_in_vm, id=9720, stack(0x0000000002780000,0x0000000002880000)]

VM state:not at safepoint (normal execution)

VM Mutex/Monitor currently owned by a thread: None

Heap
 PSYoungGen      total 28224K, used 485K [0x00000000eaab0000, 0x00000000eca20000, 0x0000000100000000)
  eden space 24256K, 2% used [0x00000000eaab0000,0x00000000eab294e8,0x00000000ec260000)
  from space 3968K, 0% used [0x00000000ec640000,0x00000000ec640000,0x00000000eca20000)
  to   space 3968K, 0% used [0x00000000ec260000,0x00000000ec260000,0x00000000ec640000)
 ParOldGen       total 64448K, used 0K [0x00000000c0000000, 0x00000000c3ef0000, 0x00000000eaab0000)
  object space 64448K, 0% used [0x00000000c0000000,0x00000000c0000000,0x00000000c3ef0000)
 PSPermGen       total 21248K, used 702K [0x00000000bae00000, 0x00000000bc2c0000, 0x00000000c0000000)
  object space 21248K, 3% used [0x00000000bae00000,0x00000000baeafb18,0x00000000bc2c0000)

Card table byte_map: [0x0000000005f60000,0x0000000006190000] byte_map_base: 0x0000000005989000

Polling page: 0x0000000001020000

Code Cache  [0x0000000002ea0000, 0x0000000003110000, 0x0000000005ea0000)
 total_blobs=39 nmethods=0 adapters=20 free_code_cache=48889Kb largest_free_block=50062912

Compilation events (0 events):
No events

GC Heap History (0 events):
No events

Deoptimization events (0 events):
No events

Internal exceptions (0 events):
No events

Events (10 events):
Event: 0.056 loading class 0x0000000002db47a0
Event: 0.056 loading class 0x0000000002db47a0 done
Event: 0.056 loading class 0x0000000002db48c0
Event: 0.056 loading class 0x0000000002db48c0 done
Event: 0.056 loading class 0x0000000002db4800
Event: 0.057 loading class 0x0000000002db4800 done
Event: 0.059 loading class 0x0000000002dde950
Event: 0.059 loading class 0x0000000002dde950 done
Event: 0.059 loading class 0x0000000002dde710
Event: 0.059 loading class 0x0000000002dde710 done


Dynamic libraries:
0x00007ff6af130000 - 0x00007ff6af163000 	C:\Program Files\Java\jdk1.7.0_15\bin\java.exe
0x00007ffa3f9c0000 - 0x00007ffa3fb81000 	C:\WINDOWS\SYSTEM32\ntdll.dll
0x00007ffa3f6f0000 - 0x00007ffa3f79d000 	C:\WINDOWS\system32\KERNEL32.DLL
0x00007ffa3c140000 - 0x00007ffa3c328000 	C:\WINDOWS\system32\KERNELBASE.dll
0x00007ffa3f7a0000 - 0x00007ffa3f847000 	C:\WINDOWS\system32\ADVAPI32.dll
0x00007ffa3d9f0000 - 0x00007ffa3da8d000 	C:\WINDOWS\system32\msvcrt.dll
0x00007ffa3d670000 - 0x00007ffa3d6cb000 	C:\WINDOWS\system32\sechost.dll
0x00007ffa3d6d0000 - 0x00007ffa3d7ec000 	C:\WINDOWS\system32\RPCRT4.dll
0x00007ffa3f530000 - 0x00007ffa3f686000 	C:\WINDOWS\system32\USER32.dll
0x00007ffa3f130000 - 0x00007ffa3f2b6000 	C:\WINDOWS\system32\GDI32.dll
0x00007ffa330f0000 - 0x00007ffa33364000 	C:\WINDOWS\WinSxS\amd64_microsoft.windows.common-controls_6595b64144ccf1df_6.0.10586.0_none_8c15ae12515e1c22\COMCTL32.dll
0x00007ffa3d3e0000 - 0x00007ffa3d65d000 	C:\WINDOWS\system32\combase.dll
0x00007ffa3c070000 - 0x00007ffa3c0da000 	C:\WINDOWS\system32\bcryptPrimitives.dll
0x00007ffa3d800000 - 0x00007ffa3d83b000 	C:\WINDOWS\system32\IMM32.DLL
0x0000000071cf0000 - 0x0000000071dc1000 	C:\Program Files\Java\jdk1.7.0_15\jre\bin\msvcr100.dll
0x0000000072a00000 - 0x000000007311f000 	C:\Program Files\Java\jdk1.7.0_15\jre\bin\server\jvm.dll
0x00007ffa3d7f0000 - 0x00007ffa3d7f8000 	C:\WINDOWS\system32\PSAPI.DLL
0x00007ffa315a0000 - 0x00007ffa315a9000 	C:\WINDOWS\SYSTEM32\WSOCK32.dll
0x00007ffa3f0c0000 - 0x00007ffa3f12b000 	C:\WINDOWS\system32\WS2_32.dll
0x00007ffa3a600000 - 0x00007ffa3a623000 	C:\WINDOWS\SYSTEM32\WINMM.dll
0x00007ffa3a2c0000 - 0x00007ffa3a2ec000 	C:\WINDOWS\SYSTEM32\WINMMBASE.dll
0x00007ffa3c3c0000 - 0x00007ffa3c403000 	C:\WINDOWS\system32\cfgmgr32.dll
0x00000000729f0000 - 0x00000000729ff000 	C:\Program Files\Java\jdk1.7.0_15\jre\bin\verify.dll
0x00000000729c0000 - 0x00000000729e8000 	C:\Program Files\Java\jdk1.7.0_15\jre\bin\java.dll
0x00000000729a0000 - 0x00000000729b5000 	C:\Program Files\Java\jdk1.7.0_15\jre\bin\zip.dll

VM Arguments:
jvm_args: -Djava.awt.headless=true -Xmx1024M -Dfile.encoding=GBK -Duser.country=CN -Duser.language=zh -Duser.variant 
java_command: com.android.dx.command.Main --dex --force-jumbo --num-threads=4 --multi-dex --output D:\Android\Project\RecyclerViewDemo\app\build\intermediates\transforms\dex\debug\folders\1000\10\support-annotations-23.3.0_81e4cce62b88f7f4e0905a87fec46518ce06414b D:\Android\SDK\extras\android\m2repository\com\android\support\support-annotations\23.3.0\support-annotations-23.3.0.jar
Launcher Type: SUN_STANDARD

Environment Variables:
JAVA_HOME=C:\Program Files\Java\jdk1.7.0_15
PATH=,;C:\Program Files\Java\jdk1.7.0_15\bin;C:\WINDOWS\system32;C:\WINDOWS;C:\WINDOWS\System32\Wbem;C:\WINDOWS\System32\WindowsPowerShell\v1.0\;C:\Program Files (x86)\ATI Technologies\ATI.ACE\Core-Static;C:\Program Files\nodejs\;C:\Program Files\Java\jdk1.7.0_15\bin;C:\Users\Lshare\AppData\Roaming\npm;C:\Program Files\Git\bin;C:\Program Files\Git\cmd
USERNAME=Lshare
OS=Windows_NT
PROCESSOR_IDENTIFIER=Intel64 Family 6 Model 58 Stepping 9, GenuineIntel



---------------  S Y S T E M  ---------------

OS: Windows 8 , 64 bit Build 9200 

CPU:total 4 (2 cores per cpu, 2 threads per core) family 6 model 58 stepping 9, cmov, cx8, fxsr, mmx, sse, sse2, sse3, ssse3, sse4.1, sse4.2, popcnt, avx, ht, tsc, tscinvbit, tscinv

Memory: 4k page, physical 6181144k(287128k free), swap 11424020k(5572k free)

vm_info: Java HotSpot(TM) 64-Bit Server VM (23.7-b01) for windows-amd64 JRE (1.7.0_15-b03), built on Feb 15 2013 13:43:57 by "java_re" with unknown MS VC++:1600

time: Sun Jun 26 11:30:45 2016
elapsed time: 0 seconds

